{
  "stats": {
    "suites": 1,
    "tests": 2,
    "passes": 2,
    "pending": 0,
    "failures": 0,
    "start": "2024-10-16T05:21:50.978Z",
    "end": "2024-10-16T05:21:55.613Z",
    "duration": 4635,
    "testsRegistered": 2,
    "passPercent": 100,
    "pendingPercent": 0,
    "other": 0,
    "hasOther": false,
    "skipped": 0,
    "hasSkipped": false
  },
  "results": [
    {
      "uuid": "98322f53-2e82-45e6-88cb-e49e9d3de402",
      "title": "",
      "fullFile": "cypress/integration/loginPage.spec.ts",
      "file": "cypress/integration/loginPage.spec.ts",
      "beforeHooks": [],
      "afterHooks": [],
      "tests": [],
      "suites": [
        {
          "uuid": "588a306d-bd09-4617-86cb-cb62ffaf7cc3",
          "title": "Sauce Demo Login and Logout Test",
          "fullFile": "",
          "file": "",
          "beforeHooks": [],
          "afterHooks": [],
          "tests": [
            {
              "title": "should login and logout successfully",
              "fullTitle": "Sauce Demo Login and Logout Test should login and logout successfully",
              "timedOut": null,
              "duration": 1898,
              "state": "passed",
              "speed": "fast",
              "pass": true,
              "fail": false,
              "pending": false,
              "context": null,
              "code": "_pageObject_loginPage__WEBPACK_IMPORTED_MODULE_0__.loginPage.logout();\ncy.url().should('eq', Cypress.env('baseUrl'));",
              "err": {},
              "uuid": "a04db94e-e5eb-43c6-9fd6-9b47c9bdc23c",
              "parentUUID": "588a306d-bd09-4617-86cb-cb62ffaf7cc3",
              "isHook": false,
              "skipped": false
            },
            {
              "title": "should not access /inventory.html without logging in",
              "fullTitle": "Sauce Demo Login and Logout Test should not access /inventory.html without logging in",
              "timedOut": null,
              "duration": 1464,
              "state": "passed",
              "speed": "fast",
              "pass": true,
              "fail": false,
              "pending": false,
              "context": null,
              "code": "_pageObject_loginPage__WEBPACK_IMPORTED_MODULE_0__.loginPage.logout();\ncy.visit(\"\".concat(Cypress.env('baseUrl'), \"inventory.html\"));\ncy.url().should('eq', Cypress.env('baseUrl'));\ncy.contains(\"Epic sadface: You can only access '/inventory.html' when you are logged in.\").should('be.visible');",
              "err": {},
              "uuid": "76c8d8fd-1c1f-42be-8be8-c2ceb5bb49d6",
              "parentUUID": "588a306d-bd09-4617-86cb-cb62ffaf7cc3",
              "isHook": false,
              "skipped": false
            }
          ],
          "suites": [],
          "passes": [
            "a04db94e-e5eb-43c6-9fd6-9b47c9bdc23c",
            "76c8d8fd-1c1f-42be-8be8-c2ceb5bb49d6"
          ],
          "failures": [],
          "pending": [],
          "skipped": [],
          "duration": 3362,
          "root": false,
          "rootEmpty": false,
          "_timeout": 2000
        }
      ],
      "passes": [],
      "failures": [],
      "pending": [],
      "skipped": [],
      "duration": 0,
      "root": true,
      "rootEmpty": true,
      "_timeout": 2000
    }
  ],
  "meta": {
    "mocha": {
      "version": "7.0.1"
    },
    "mochawesome": {
      "options": {
        "quiet": false,
        "reportFilename": "mochawesome",
        "saveHtml": true,
        "saveJson": true,
        "consoleReporter": "spec",
        "useInlineDiffs": false,
        "code": true
      },
      "version": "7.1.3"
    },
    "marge": {
      "options": {
        "reportDir": "cypress/reports",
        "overwrite": false,
        "html": true,
        "json": true
      },
      "version": "6.2.0"
    }
  }
}